<?xml version="1.0" encoding="UTF-8"?>
<testsuite xmlns:xsi="http://www.w3.org/2001/XMLSchema-instance" xsi:noNamespaceSchemaLocation="https://maven.apache.org/surefire/maven-surefire-plugin/xsd/surefire-test-report-3.0.xsd" version="3.0" name="com.masters.MasterserviceApplicationTests" time="13.114" tests="1" errors="0" skipped="0" failures="0">
  <properties>
[...]
</properties>
  <testcase name="contextLoads" classname="com.masters.MasterserviceApplicationTests" time="1.01">
    <system-out><![CDATA[10:50:39.989 [main] INFO org.springframework.test.context.support.AnnotationConfigContextLoaderUtils -- Could not detect default configuration classes for test class [com.masters.MasterserviceApplicationTests]: MasterserviceApplicationTests does not declare any static, non-private, non-final, nested classes annotated with @Configuration.
10:50:40.142 [main] INFO org.springframework.boot.test.context.SpringBootTestContextBootstrapper -- Found @SpringBootConfiguration com.masters.MasterserviceApplication for test class com.masters.MasterserviceApplicationTests

  .   ____          _            __ _ _
 /\\ / ___'_ __ _ _(_)_ __  __ _ \ \ \ \
( ( )\___ | '_ | '_| | '_ \/ _` | \ \ \ \
 \\/  ___)| |_)| | | | | || (_| |  ) ) ) )
  '  |____| .__|_| |_|_| |_\__, | / / / /
 =========|_|==============|___/=/_/_/_/

 :: Spring Boot ::                (v3.3.3)

2024-10-03T10:50:41.203+05:30  INFO 16164 --- [masterservice] [           main] c.masters.MasterserviceApplicationTests  : Starting MasterserviceApplicationTests using Java 17.0.6 with PID 16164 (started by ASUS GAMING in C:\google-calendar-project\masterservice)
2024-10-03T10:50:41.205+05:30  INFO 16164 --- [masterservice] [           main] c.masters.MasterserviceApplicationTests  : No active profile set, falling back to 1 default profile: "default"
2024-10-03T10:50:42.687+05:30  INFO 16164 --- [masterservice] [           main] .s.d.r.c.RepositoryConfigurationDelegate : Bootstrapping Spring Data JPA repositories in DEFAULT mode.
2024-10-03T10:50:43.062+05:30  INFO 16164 --- [masterservice] [           main] .s.d.r.c.RepositoryConfigurationDelegate : Finished Spring Data repository scanning in 362 ms. Found 22 JPA repository interfaces.
2024-10-03T10:50:43.672+05:30  INFO 16164 --- [masterservice] [           main] o.s.cloud.context.scope.GenericScope     : BeanFactory id=1222d340-72e2-3ca4-87d3-fb15c1978715
2024-10-03T10:50:43.954+05:30  WARN 16164 --- [masterservice] [           main] trationDelegate$BeanPostProcessorChecker : Bean 'org.springframework.cloud.client.loadbalancer.LoadBalancerAutoConfiguration$DeferringLoadBalancerInterceptorConfig' of type [org.springframework.cloud.client.loadbalancer.LoadBalancerAutoConfiguration$DeferringLoadBalancerInterceptorConfig] is not eligible for getting processed by all BeanPostProcessors (for example: not eligible for auto-proxying). The currently created BeanPostProcessor [lbRestClientPostProcessor] is declared through a non-static factory method on that class; consider declaring it as static instead.
2024-10-03T10:50:43.962+05:30  WARN 16164 --- [masterservice] [           main] trationDelegate$BeanPostProcessorChecker : Bean 'deferringLoadBalancerInterceptor' of type [org.springframework.cloud.client.loadbalancer.DeferringLoadBalancerInterceptor] is not eligible for getting processed by all BeanPostProcessors (for example: not eligible for auto-proxying). Is this bean getting eagerly injected into a currently created BeanPostProcessor [lbRestClientPostProcessor]? Check the corresponding BeanPostProcessor declaration and its dependencies.
2024-10-03T10:50:44.264+05:30  INFO 16164 --- [masterservice] [           main] o.hibernate.jpa.internal.util.LogHelper  : HHH000204: Processing PersistenceUnitInfo [name: default]
2024-10-03T10:50:44.390+05:30  INFO 16164 --- [masterservice] [           main] org.hibernate.Version                    : HHH000412: Hibernate ORM core version 6.5.2.Final
2024-10-03T10:50:44.455+05:30  INFO 16164 --- [masterservice] [           main] o.h.c.internal.RegionFactoryInitiator    : HHH000026: Second-level cache disabled
2024-10-03T10:50:45.161+05:30  INFO 16164 --- [masterservice] [           main] o.s.o.j.p.SpringPersistenceUnitInfo      : No LoadTimeWeaver setup: ignoring JPA class transformer
2024-10-03T10:50:45.209+05:30  INFO 16164 --- [masterservice] [           main] com.zaxxer.hikari.HikariDataSource       : HikariPool-1 - Starting...
2024-10-03T10:50:46.530+05:30  INFO 16164 --- [masterservice] [           main] com.zaxxer.hikari.pool.HikariPool        : HikariPool-1 - Added connection com.mysql.cj.jdbc.ConnectionImpl@1d9ff1e2
2024-10-03T10:50:46.535+05:30  INFO 16164 --- [masterservice] [           main] com.zaxxer.hikari.HikariDataSource       : HikariPool-1 - Start completed.
2024-10-03T10:50:48.252+05:30  INFO 16164 --- [masterservice] [           main] o.h.e.t.j.p.i.JtaPlatformInitiator       : HHH000489: No JTA platform available (set 'hibernate.transaction.jta.platform' to enable JTA platform integration)
2024-10-03T10:50:48.529+05:30  INFO 16164 --- [masterservice] [           main] j.LocalContainerEntityManagerFactoryBean : Initialized JPA EntityManagerFactory for persistence unit 'default'
2024-10-03T10:50:49.062+05:30  WARN 16164 --- [masterservice] [           main] JpaBaseConfiguration$JpaWebConfiguration : spring.jpa.open-in-view is enabled by default. Therefore, database queries may be performed during view rendering. Explicitly configure spring.jpa.open-in-view to disable this warning
2024-10-03T10:50:50.908+05:30  INFO 16164 --- [masterservice] [           main] DiscoveryClientOptionalArgsConfiguration : Eureka HTTP Client uses RestTemplate.
2024-10-03T10:50:50.958+05:30  WARN 16164 --- [masterservice] [           main] iguration$LoadBalancerCaffeineWarnLogger : Spring Cloud LoadBalancer is currently working with the default cache. While this cache implementation is useful for development and tests, it's recommended to use Caffeine cache in production.You can switch to using Caffeine cache, by adding it and org.springframework.cache.caffeine.CaffeineCacheManager to the classpath.
2024-10-03T10:50:51.007+05:30  INFO 16164 --- [masterservice] [           main] o.s.c.n.eureka.InstanceInfoFactory       : Setting initial instance status as: STARTING
2024-10-03T10:50:51.056+05:30  INFO 16164 --- [masterservice] [           main] com.netflix.discovery.DiscoveryClient    : Initializing Eureka in region us-east-1
2024-10-03T10:50:51.063+05:30  INFO 16164 --- [masterservice] [           main] c.n.d.s.r.aws.ConfigClusterResolver      : Resolving eureka endpoints via configuration
2024-10-03T10:50:51.082+05:30  INFO 16164 --- [masterservice] [           main] com.netflix.discovery.DiscoveryClient    : Disable delta property : false
2024-10-03T10:50:51.082+05:30  INFO 16164 --- [masterservice] [           main] com.netflix.discovery.DiscoveryClient    : Single vip registry refresh property : null
2024-10-03T10:50:51.082+05:30  INFO 16164 --- [masterservice] [           main] com.netflix.discovery.DiscoveryClient    : Force full registry fetch : false
2024-10-03T10:50:51.082+05:30  INFO 16164 --- [masterservice] [           main] com.netflix.discovery.DiscoveryClient    : Application is null : false
2024-10-03T10:50:51.082+05:30  INFO 16164 --- [masterservice] [           main] com.netflix.discovery.DiscoveryClient    : Registered Applications size is zero : true
2024-10-03T10:50:51.082+05:30  INFO 16164 --- [masterservice] [           main] com.netflix.discovery.DiscoveryClient    : Application version is -1: true
2024-10-03T10:50:51.082+05:30  INFO 16164 --- [masterservice] [           main] com.netflix.discovery.DiscoveryClient    : Getting all instance registry info from the eureka server
2024-10-03T10:50:51.756+05:30  INFO 16164 --- [masterservice] [           main] com.netflix.discovery.DiscoveryClient    : The response status is 200
2024-10-03T10:50:51.763+05:30  INFO 16164 --- [masterservice] [           main] com.netflix.discovery.DiscoveryClient    : Starting heartbeat executor: renew interval is: 30
2024-10-03T10:50:51.766+05:30  INFO 16164 --- [masterservice] [           main] c.n.discovery.InstanceInfoReplicator     : InstanceInfoReplicator onDemand update allowed rate per min is 4
2024-10-03T10:50:51.771+05:30  INFO 16164 --- [masterservice] [           main] com.netflix.discovery.DiscoveryClient    : Discovery Client initialized at timestamp 1727932851768 with initial instances count: 1
2024-10-03T10:50:51.778+05:30  INFO 16164 --- [masterservice] [           main] o.s.c.n.e.s.EurekaServiceRegistry        : Registering application MASTERSERVICE with eureka with status UP
2024-10-03T10:50:51.779+05:30  INFO 16164 --- [masterservice] [           main] com.netflix.discovery.DiscoveryClient    : Saw local status change event StatusChangeEvent [timestamp=1727932851779, current=UP, previous=STARTING]
2024-10-03T10:50:51.782+05:30  INFO 16164 --- [masterservice] [foReplicator-%d] com.netflix.discovery.DiscoveryClient    : DiscoveryClient_MASTERSERVICE/LAPTOP-2V87CH2N:masterservice:8086: registering service...
2024-10-03T10:50:51.805+05:30  INFO 16164 --- [masterservice] [           main] c.masters.MasterserviceApplicationTests  : Started MasterserviceApplicationTests in 11.383 seconds (process running for 12.981)
2024-10-03T10:50:52.460+05:30  INFO 16164 --- [masterservice] [foReplicator-%d] com.netflix.discovery.DiscoveryClient    : DiscoveryClient_MASTERSERVICE/LAPTOP-2V87CH2N:masterservice:8086 - registration status: 204
]]></system-out>
  </testcase>
</testsuite>